# JRE version: Java(TM) SE Runtime Environment 18.9 (11.0.10+8) (build 11.0.10+8-LTS-162)
# Java VM: Java HotSpot(TM) 64-Bit Server VM 18.9 (11.0.10+8-LTS-162, mixed mode, tiered, compressed oops, g1 gc, windows-amd64)
Heap:
 garbage-first heap   total 129024K, used 80404K [0x0000000083c00000, 0x0000000100000000)
  region size 1024K, 73 young (74752K), 6 survivors (6144K)
 Metaspace       used 33472K, capacity 34263K, committed 34556K, reserved 1079296K
  class space    used 3950K, capacity 4228K, committed 4348K, reserved 1048576K
GC Heap History (10 events):
Event: 0.577 GC heap after
{Heap after GC invocations=1 (full 0):
 garbage-first heap   total 129024K, used 6149K [0x0000000083c00000, 0x0000000100000000)
  region size 1024K, 2 young (2048K), 2 survivors (2048K)
 Metaspace       used 9381K, capacity 9535K, committed 9728K, reserved 1058816K
  class space    used 858K, capacity 900K, committed 1024K, reserved 1048576K
}
Event: 0.683 GC heap before
{Heap before GC invocations=1 (full 0):
 garbage-first heap   total 129024K, used 45061K [0x0000000083c00000, 0x0000000100000000)
  region size 1024K, 41 young (41984K), 2 survivors (2048K)
 Metaspace       used 10465K, capacity 10638K, committed 10880K, reserved 1058816K
  class space    used 997K, capacity 1056K, committed 1152K, reserved 1048576K
}
Event: 0.685 GC heap after
{Heap after GC invocations=2 (full 0):
 garbage-first heap   total 129024K, used 6557K [0x0000000083c00000, 0x0000000100000000)
  region size 1024K, 3 young (3072K), 3 survivors (3072K)
 Metaspace       used 10465K, capacity 10638K, committed 10880K, reserved 1058816K
  class space    used 997K, capacity 1056K, committed 1152K, reserved 1048576K
}
Event: 1.133 GC heap before
{Heap before GC invocations=2 (full 0):
 garbage-first heap   total 129024K, used 49565K [0x0000000083c00000, 0x0000000100000000)
  region size 1024K, 46 young (47104K), 3 survivors (3072K)
 Metaspace       used 18434K, capacity 18750K, committed 18944K, reserved 1067008K
  class space    used 2085K, capacity 2213K, committed 2304K, reserved 1048576K
}
Event: 1.139 GC heap after
{Heap after GC invocations=3 (full 0):
 garbage-first heap   total 129024K, used 8309K [0x0000000083c00000, 0x0000000100000000)
  region size 1024K, 5 young (5120K), 5 survivors (5120K)
 Metaspace       used 18434K, capacity 18750K, committed 18944K, reserved 1067008K
  class space    used 2085K, capacity 2213K, committed 2304K, reserved 1048576K
}
Event: 1.318 GC heap before
{Heap before GC invocations=3 (full 0):
 garbage-first heap   total 129024K, used 21621K [0x0000000083c00000, 0x0000000100000000)
  region size 1024K, 19 young (19456K), 5 survivors (5120K)
 Metaspace       used 20849K, capacity 21232K, committed 21248K, reserved 1069056K
  class space    used 2400K, capacity 2557K, committed 2560K, reserved 1048576K
}
Event: 1.326 GC heap after
{Heap after GC invocations=4 (full 0):
 garbage-first heap   total 129024K, used 8993K [0x0000000083c00000, 0x0000000100000000)
  region size 1024K, 5 young (5120K), 5 survivors (5120K)
 Metaspace       used 20849K, capacity 21232K, committed 21248K, reserved 1069056K
  class space    used 2400K, capacity 2557K, committed 2560K, reserved 1048576K
}
Event: 2.119 GC heap before
{Heap before GC invocations=5 (full 0):
 garbage-first heap   total 129024K, used 79649K [0x0000000083c00000, 0x0000000100000000)
  region size 1024K, 75 young (76800K), 5 survivors (5120K)
 Metaspace       used 29532K, capacity 30237K, committed 30332K, reserved 1075200K
  class space    used 3405K, capacity 3663K, committed 3708K, reserved 1048576K
}
Event: 2.127 GC heap after
{Heap after GC invocations=6 (full 0):
 garbage-first heap   total 129024K, used 11796K [0x0000000083c00000, 0x0000000100000000)
  region size 1024K, 8 young (8192K), 8 survivors (8192K)
 Metaspace       used 29532K, capacity 30237K, committed 30332K, reserved 1075200K
  class space    used 3405K, capacity 3663K, committed 3708K, reserved 1048576K
}
Event: 2.916 GC heap before
{Heap before GC invocations=6 (full 0):
 garbage-first heap   total 129024K, used 79380K [0x0000000083c00000, 0x0000000100000000)
  region size 1024K, 75 young (76800K), 8 survivors (8192K)
 Metaspace       used 33472K, capacity 34263K, committed 34556K, reserved 1079296K
  class space    used 3950K, capacity 4228K, committed 4348K, reserved 1048576K
}

