# JRE version: Java(TM) SE Runtime Environment 18.9 (11.0.10+8) (build 11.0.10+8-LTS-162)
# Java VM: Java HotSpot(TM) 64-Bit Server VM 18.9 (11.0.10+8-LTS-162, mixed mode, tiered, compressed oops, g1 gc, windows-amd64)
Heap:
 garbage-first heap   total 183296K, used 105048K [0x0000000084c00000, 0x0000000100000000)
  region size 1024K, 89 young (91136K), 8 survivors (8192K)
 Metaspace       used 66562K, capacity 68180K, committed 68224K, reserved 1107968K
  class space    used 8465K, capacity 9079K, committed 9088K, reserved 1048576K
GC Heap History (10 events):
Event: 3.279 GC heap before
{Heap before GC invocations=6 (full 0):
 garbage-first heap   total 126976K, used 78535K [0x0000000084c00000, 0x0000000100000000)
  region size 1024K, 74 young (75776K), 8 survivors (8192K)
 Metaspace       used 32344K, capacity 33198K, committed 33408K, reserved 1079296K
  class space    used 3793K, capacity 4131K, committed 4224K, reserved 1048576K
}
Event: 3.289 GC heap after
{Heap after GC invocations=7 (full 0):
 garbage-first heap   total 152576K, used 14344K [0x0000000084c00000, 0x0000000100000000)
  region size 1024K, 6 young (6144K), 6 survivors (6144K)
 Metaspace       used 32344K, capacity 33198K, committed 33408K, reserved 1079296K
  class space    used 3793K, capacity 4131K, committed 4224K, reserved 1048576K
}
Event: 3.790 GC heap before
{Heap before GC invocations=7 (full 0):
 garbage-first heap   total 152576K, used 40968K [0x0000000084c00000, 0x0000000100000000)
  region size 1024K, 33 young (33792K), 6 survivors (6144K)
 Metaspace       used 34912K, capacity 35737K, committed 35840K, reserved 1081344K
  class space    used 4098K, capacity 4440K, committed 4480K, reserved 1048576K
}
Event: 3.797 GC heap after
{Heap after GC invocations=8 (full 0):
 garbage-first heap   total 152576K, used 15349K [0x0000000084c00000, 0x0000000100000000)
  region size 1024K, 7 young (7168K), 7 survivors (7168K)
 Metaspace       used 34912K, capacity 35737K, committed 35840K, reserved 1081344K
  class space    used 4098K, capacity 4440K, committed 4480K, reserved 1048576K
}
Event: 4.756 GC heap before
{Heap before GC invocations=9 (full 0):
 garbage-first heap   total 152576K, used 98293K [0x0000000084c00000, 0x0000000100000000)
  region size 1024K, 89 young (91136K), 7 survivors (7168K)
 Metaspace       used 39777K, capacity 40863K, committed 40960K, reserved 1085440K
  class space    used 4669K, capacity 5114K, committed 5120K, reserved 1048576K
}
Event: 4.767 GC heap after
{Heap after GC invocations=10 (full 0):
 garbage-first heap   total 152576K, used 18406K [0x0000000084c00000, 0x0000000100000000)
  region size 1024K, 7 young (7168K), 7 survivors (7168K)
 Metaspace       used 39777K, capacity 40863K, committed 40960K, reserved 1085440K
  class space    used 4669K, capacity 5114K, committed 5120K, reserved 1048576K
}
Event: 6.330 GC heap before
{Heap before GC invocations=10 (full 0):
 garbage-first heap   total 152576K, used 101350K [0x0000000084c00000, 0x0000000100000000)
  region size 1024K, 89 young (91136K), 7 survivors (7168K)
 Metaspace       used 50532K, capacity 51715K, committed 51840K, reserved 1093632K
  class space    used 6228K, capacity 6704K, committed 6784K, reserved 1048576K
}
Event: 6.339 GC heap after
{Heap after GC invocations=11 (full 0):
 garbage-first heap   total 152576K, used 20907K [0x0000000084c00000, 0x0000000100000000)
  region size 1024K, 8 young (8192K), 8 survivors (8192K)
 Metaspace       used 50532K, capacity 51715K, committed 51840K, reserved 1093632K
  class space    used 6228K, capacity 6704K, committed 6784K, reserved 1048576K
}
Event: 7.311 GC heap before
{Heap before GC invocations=11 (full 0):
 garbage-first heap   total 152576K, used 68011K [0x0000000084c00000, 0x0000000100000000)
  region size 1024K, 55 young (56320K), 8 survivors (8192K)
 Metaspace       used 58632K, capacity 59917K, committed 60160K, reserved 1101824K
  class space    used 7426K, capacity 7936K, committed 7936K, reserved 1048576K
}
Event: 7.320 GC heap after
{Heap after GC invocations=12 (full 0):
 garbage-first heap   total 183296K, used 23128K [0x0000000084c00000, 0x0000000100000000)
  region size 1024K, 8 young (8192K), 8 survivors (8192K)
 Metaspace       used 58632K, capacity 59917K, committed 60160K, reserved 1101824K
  class space    used 7426K, capacity 7936K, committed 7936K, reserved 1048576K
}

