# JRE version: Java(TM) SE Runtime Environment 18.9 (11.0.10+8) (build 11.0.10+8-LTS-162)
# Java VM: Java HotSpot(TM) 64-Bit Server VM 18.9 (11.0.10+8-LTS-162, mixed mode, tiered, compressed oops, g1 gc, windows-amd64)
Heap:
 garbage-first heap   total 183296K, used 81575K [0x0000000084c00000, 0x0000000100000000)
  region size 1024K, 67 young (68608K), 7 survivors (7168K)
 Metaspace       used 58683K, capacity 59890K, committed 60160K, reserved 1101824K
  class space    used 7428K, capacity 7905K, committed 7936K, reserved 1048576K
GC Heap History (10 events):
Event: 2.496 GC heap before
{Heap before GC invocations=5 (full 0):
 garbage-first heap   total 126976K, used 70390K [0x0000000084c00000, 0x0000000100000000)
  region size 1024K, 66 young (67584K), 5 survivors (5120K)
 Metaspace       used 29673K, capacity 30317K, committed 30592K, reserved 1077248K
  class space    used 3413K, capacity 3667K, committed 3712K, reserved 1048576K
}
Event: 2.506 GC heap after
{Heap after GC invocations=6 (full 0):
 garbage-first heap   total 152576K, used 12007K [0x0000000084c00000, 0x0000000100000000)
  region size 1024K, 8 young (8192K), 8 survivors (8192K)
 Metaspace       used 29673K, capacity 30317K, committed 30592K, reserved 1077248K
  class space    used 3413K, capacity 3667K, committed 3712K, reserved 1048576K
}
Event: 3.405 GC heap before
{Heap before GC invocations=6 (full 0):
 garbage-first heap   total 152576K, used 85735K [0x0000000084c00000, 0x0000000100000000)
  region size 1024K, 81 young (82944K), 8 survivors (8192K)
 Metaspace       used 32800K, capacity 33729K, committed 33920K, reserved 1079296K
  class space    used 3858K, capacity 4199K, committed 4224K, reserved 1048576K
}
Event: 3.414 GC heap after
{Heap after GC invocations=7 (full 0):
 garbage-first heap   total 152576K, used 13893K [0x0000000084c00000, 0x0000000100000000)
  region size 1024K, 8 young (8192K), 8 survivors (8192K)
 Metaspace       used 32800K, capacity 33729K, committed 33920K, reserved 1079296K
  class space    used 3858K, capacity 4199K, committed 4224K, reserved 1048576K
}
Event: 3.785 GC heap before
{Heap before GC invocations=7 (full 0):
 garbage-first heap   total 152576K, used 34373K [0x0000000084c00000, 0x0000000100000000)
  region size 1024K, 29 young (29696K), 8 survivors (8192K)
 Metaspace       used 34929K, capacity 35800K, committed 35840K, reserved 1081344K
  class space    used 4099K, capacity 4440K, committed 4480K, reserved 1048576K
}
Event: 3.793 GC heap after
{Heap after GC invocations=8 (full 0):
 garbage-first heap   total 152576K, used 15597K [0x0000000084c00000, 0x0000000100000000)
  region size 1024K, 7 young (7168K), 7 survivors (7168K)
 Metaspace       used 34929K, capacity 35800K, committed 35840K, reserved 1081344K
  class space    used 4099K, capacity 4440K, committed 4480K, reserved 1048576K
}
Event: 4.727 GC heap before
{Heap before GC invocations=9 (full 0):
 garbage-first heap   total 152576K, used 92397K [0x0000000084c00000, 0x0000000100000000)
  region size 1024K, 83 young (84992K), 7 survivors (7168K)
 Metaspace       used 39787K, capacity 40862K, committed 40960K, reserved 1085440K
  class space    used 4671K, capacity 5114K, committed 5120K, reserved 1048576K
}
Event: 4.736 GC heap after
{Heap after GC invocations=10 (full 0):
 garbage-first heap   total 152576K, used 18552K [0x0000000084c00000, 0x0000000100000000)
  region size 1024K, 7 young (7168K), 7 survivors (7168K)
 Metaspace       used 39787K, capacity 40862K, committed 40960K, reserved 1085440K
  class space    used 4671K, capacity 5114K, committed 5120K, reserved 1048576K
}
Event: 6.264 GC heap before
{Heap before GC invocations=10 (full 0):
 garbage-first heap   total 152576K, used 99448K [0x0000000084c00000, 0x0000000100000000)
  region size 1024K, 87 young (89088K), 7 survivors (7168K)
 Metaspace       used 47901K, capacity 49081K, committed 49280K, reserved 1091584K
  class space    used 5774K, capacity 6252K, committed 6272K, reserved 1048576K
}
Event: 6.274 GC heap after
{Heap after GC invocations=11 (full 0):
 garbage-first heap   total 183296K, used 21159K [0x0000000084c00000, 0x0000000100000000)
  region size 1024K, 7 young (7168K), 7 survivors (7168K)
 Metaspace       used 47901K, capacity 49081K, committed 49280K, reserved 1091584K
  class space    used 5774K, capacity 6252K, committed 6272K, reserved 1048576K
}

