# JRE version: Java(TM) SE Runtime Environment 18.9 (11.0.10+8) (build 11.0.10+8-LTS-162)
# Java VM: Java HotSpot(TM) 64-Bit Server VM 18.9 (11.0.10+8-LTS-162, mixed mode, tiered, compressed oops, g1 gc, windows-amd64)
Heap:
 garbage-first heap   total 155648K, used 45362K [0x0000000083c00000, 0x0000000100000000)
  region size 1024K, 31 young (31744K), 9 survivors (9216K)
 Metaspace       used 62184K, capacity 63599K, committed 63784K, reserved 1103872K
  class space    used 7892K, capacity 8437K, committed 8488K, reserved 1048576K
GC Heap History (10 events):
Event: 3.326 GC heap before
{Heap before GC invocations=6 (full 0):
 garbage-first heap   total 129024K, used 81382K [0x0000000083c00000, 0x0000000100000000)
  region size 1024K, 75 young (76800K), 6 survivors (6144K)
 Metaspace       used 33968K, capacity 34868K, committed 35068K, reserved 1079296K
  class space    used 3992K, capacity 4299K, committed 4348K, reserved 1048576K
}
Event: 3.335 GC heap after
{Heap after GC invocations=7 (full 0):
 garbage-first heap   total 129024K, used 14469K [0x0000000083c00000, 0x0000000100000000)
  region size 1024K, 6 young (6144K), 6 survivors (6144K)
 Metaspace       used 33968K, capacity 34868K, committed 35068K, reserved 1079296K
  class space    used 3992K, capacity 4299K, committed 4348K, reserved 1048576K
}
Event: 3.597 GC heap before
{Heap before GC invocations=7 (full 0):
 garbage-first heap   total 129024K, used 26757K [0x0000000083c00000, 0x0000000100000000)
  region size 1024K, 19 young (19456K), 6 survivors (6144K)
 Metaspace       used 35015K, capacity 35908K, committed 36048K, reserved 1081344K
  class space    used 4117K, capacity 4475K, committed 4560K, reserved 1048576K
}
Event: 3.604 GC heap after
{Heap after GC invocations=8 (full 0):
 garbage-first heap   total 155648K, used 15620K [0x0000000083c00000, 0x0000000100000000)
  region size 1024K, 4 young (4096K), 4 survivors (4096K)
 Metaspace       used 35015K, capacity 35908K, committed 36048K, reserved 1081344K
  class space    used 4117K, capacity 4475K, committed 4560K, reserved 1048576K
}
Event: 4.526 GC heap before
{Heap before GC invocations=9 (full 0):
 garbage-first heap   total 155648K, used 94468K [0x0000000083c00000, 0x0000000100000000)
  region size 1024K, 82 young (83968K), 4 survivors (4096K)
 Metaspace       used 39765K, capacity 40863K, committed 41040K, reserved 1085440K
  class space    used 4666K, capacity 5114K, committed 5200K, reserved 1048576K
}
Event: 4.533 GC heap after
{Heap after GC invocations=10 (full 0):
 garbage-first heap   total 155648K, used 18259K [0x0000000083c00000, 0x0000000100000000)
  region size 1024K, 7 young (7168K), 7 survivors (7168K)
 Metaspace       used 39765K, capacity 40863K, committed 41040K, reserved 1085440K
  class space    used 4666K, capacity 5114K, committed 5200K, reserved 1048576K
}
Event: 6.262 GC heap before
{Heap before GC invocations=10 (full 0):
 garbage-first heap   total 155648K, used 99155K [0x0000000083c00000, 0x0000000100000000)
  region size 1024K, 87 young (89088K), 7 survivors (7168K)
 Metaspace       used 49344K, capacity 50526K, committed 50640K, reserved 1093632K
  class space    used 6061K, capacity 6542K, committed 6608K, reserved 1048576K
}
Event: 6.272 GC heap after
{Heap after GC invocations=11 (full 0):
 garbage-first heap   total 155648K, used 21436K [0x0000000083c00000, 0x0000000100000000)
  region size 1024K, 7 young (7168K), 7 survivors (7168K)
 Metaspace       used 49344K, capacity 50526K, committed 50640K, reserved 1093632K
  class space    used 6061K, capacity 6542K, committed 6608K, reserved 1048576K
}
Event: 7.774 GC heap before
{Heap before GC invocations=11 (full 0):
 garbage-first heap   total 155648K, used 78780K [0x0000000083c00000, 0x0000000100000000)
  region size 1024K, 64 young (65536K), 7 survivors (7168K)
 Metaspace       used 59206K, capacity 60415K, committed 60496K, reserved 1101824K
  class space    used 7484K, capacity 7974K, committed 8016K, reserved 1048576K
}
Event: 7.783 GC heap after
{Heap after GC invocations=12 (full 0):
 garbage-first heap   total 155648K, used 23858K [0x0000000083c00000, 0x0000000100000000)
  region size 1024K, 9 young (9216K), 9 survivors (9216K)
 Metaspace       used 59206K, capacity 60415K, committed 60496K, reserved 1101824K
  class space    used 7484K, capacity 7974K, committed 8016K, reserved 1048576K
}

