# JRE version: Java(TM) SE Runtime Environment 18.9 (11.0.10+8) (build 11.0.10+8-LTS-162)
# Java VM: Java HotSpot(TM) 64-Bit Server VM 18.9 (11.0.10+8-LTS-162, mixed mode, tiered, compressed oops, g1 gc, windows-amd64)
Heap:
 garbage-first heap   total 129024K, used 44727K [0x0000000083c00000, 0x0000000100000000)
  region size 1024K, 41 young (41984K), 5 survivors (5120K)
 Metaspace       used 27643K, capacity 28267K, committed 28540K, reserved 1075200K
  class space    used 3191K, capacity 3416K, committed 3452K, reserved 1048576K
GC Heap History (8 events):
Event: 0.534 GC heap before
{Heap before GC invocations=0 (full 0):
 garbage-first heap   total 129024K, used 14336K [0x0000000083c00000, 0x0000000100000000)
  region size 1024K, 14 young (14336K), 0 survivors (0K)
 Metaspace       used 9339K, capacity 9471K, committed 9728K, reserved 1058816K
  class space    used 857K, capacity 900K, committed 1024K, reserved 1048576K
}
Event: 0.537 GC heap after
{Heap after GC invocations=1 (full 0):
 garbage-first heap   total 129024K, used 6224K [0x0000000083c00000, 0x0000000100000000)
  region size 1024K, 2 young (2048K), 2 survivors (2048K)
 Metaspace       used 9339K, capacity 9471K, committed 9728K, reserved 1058816K
  class space    used 857K, capacity 900K, committed 1024K, reserved 1048576K
}
Event: 0.664 GC heap before
{Heap before GC invocations=1 (full 0):
 garbage-first heap   total 129024K, used 45136K [0x0000000083c00000, 0x0000000100000000)
  region size 1024K, 41 young (41984K), 2 survivors (2048K)
 Metaspace       used 10489K, capacity 10638K, committed 10880K, reserved 1058816K
  class space    used 997K, capacity 1056K, committed 1152K, reserved 1048576K
}
Event: 0.666 GC heap after
{Heap after GC invocations=2 (full 0):
 garbage-first heap   total 129024K, used 6542K [0x0000000083c00000, 0x0000000100000000)
  region size 1024K, 3 young (3072K), 3 survivors (3072K)
 Metaspace       used 10489K, capacity 10638K, committed 10880K, reserved 1058816K
  class space    used 997K, capacity 1056K, committed 1152K, reserved 1048576K
}
Event: 1.150 GC heap before
{Heap before GC invocations=2 (full 0):
 garbage-first heap   total 129024K, used 50574K [0x0000000083c00000, 0x0000000100000000)
  region size 1024K, 46 young (47104K), 3 survivors (3072K)
 Metaspace       used 18566K, capacity 18882K, committed 19200K, reserved 1067008K
  class space    used 2098K, capacity 2214K, committed 2304K, reserved 1048576K
}
Event: 1.156 GC heap after
{Heap after GC invocations=3 (full 0):
 garbage-first heap   total 129024K, used 8314K [0x0000000083c00000, 0x0000000100000000)
  region size 1024K, 5 young (5120K), 5 survivors (5120K)
 Metaspace       used 18566K, capacity 18882K, committed 19200K, reserved 1067008K
  class space    used 2098K, capacity 2214K, committed 2304K, reserved 1048576K
}
Event: 1.324 GC heap before
{Heap before GC invocations=3 (full 0):
 garbage-first heap   total 129024K, used 20602K [0x0000000083c00000, 0x0000000100000000)
  region size 1024K, 18 young (18432K), 5 survivors (5120K)
 Metaspace       used 20847K, capacity 21227K, committed 21248K, reserved 1069056K
  class space    used 2398K, capacity 2555K, committed 2560K, reserved 1048576K
}
Event: 1.329 GC heap after
{Heap after GC invocations=4 (full 0):
 garbage-first heap   total 129024K, used 8887K [0x0000000083c00000, 0x0000000100000000)
  region size 1024K, 5 young (5120K), 5 survivors (5120K)
 Metaspace       used 20847K, capacity 21227K, committed 21248K, reserved 1069056K
  class space    used 2398K, capacity 2555K, committed 2560K, reserved 1048576K
}

